Finding mineable asteroids
finding head
found head	[index=1, position=10, resources=10, parentIndex=0]
finding child nodes
Found child for depth:2	[index=2, position=20, resources=10, parentIndex=1]
Found child for depth:2	[index=3, position=30, resources=10, parentIndex=1]
Found child for depth:3	[index=4, position=40, resources=10, parentIndex=2]
Found child for depth:3	[index=5, position=50, resources=10, parentIndex=2]
Found child for depth:3	[index=6, position=60, resources=10, parentIndex=3]
Found child for depth:3	[index=7, position=70, resources=10, parentIndex=3]
Found child for depth:4	[index=8, position=80, resources=10, parentIndex=4]
Found child for depth:4	[index=9, position=90, resources=10, parentIndex=4]
Found child for depth:4	[index=10, position=100, resources=10, parentIndex=5]
Found child for depth:4	[index=11, position=110, resources=10, parentIndex=5]
Found child for depth:4	[index=12, position=120, resources=10, parentIndex=6]
Found child for depth:4	[index=13, position=130, resources=10, parentIndex=6]
Found child for depth:4	[index=14, position=140, resources=10, parentIndex=7]
Found child for depth:4	[index=15, position=150, resources=10, parentIndex=7]
Found child for depth:5	[index=16, position=160, resources=10, parentIndex=8]
Found child for depth:5	[index=17, position=170, resources=10, parentIndex=8]
Found child for depth:5	[index=18, position=180, resources=10, parentIndex=9]
Found child for depth:5	[index=19, position=190, resources=10, parentIndex=9]
Found child for depth:5	[index=20, position=200, resources=10, parentIndex=10]
Found child for depth:5	[index=21, position=210, resources=10, parentIndex=10]
Found child for depth:5	[index=22, position=220, resources=10, parentIndex=11]
Found child for depth:5	[index=23, position=230, resources=10, parentIndex=11]
Found child for depth:5	[index=24, position=240, resources=10, parentIndex=12]
Found child for depth:5	[index=25, position=250, resources=10, parentIndex=12]
Found child for depth:5	[index=26, position=260, resources=10, parentIndex=13]
Found child for depth:5	[index=27, position=270, resources=10, parentIndex=13]
Found child for depth:5	[index=28, position=280, resources=10, parentIndex=14]
Found child for depth:5	[index=29, position=290, resources=10, parentIndex=14]
Found child for depth:5	[index=30, position=300, resources=10, parentIndex=15]
Found child for depth:5	[index=31, position=310, resources=10, parentIndex=15]
Found child for depth:6	[index=32, position=320, resources=10, parentIndex=16]
Found child for depth:6	[index=33, position=330, resources=10, parentIndex=16]
Found child for depth:6	[index=34, position=340, resources=10, parentIndex=17]
Found child for depth:6	[index=35, position=350, resources=10, parentIndex=17]
Found child for depth:6	[index=36, position=360, resources=10, parentIndex=18]
Found child for depth:6	[index=37, position=370, resources=10, parentIndex=18]
Found child for depth:6	[index=38, position=380, resources=10, parentIndex=19]
Found child for depth:6	[index=39, position=390, resources=10, parentIndex=19]
Found child for depth:6	[index=40, position=400, resources=10, parentIndex=20]
Found child for depth:6	[index=41, position=410, resources=10, parentIndex=20]
Found child for depth:6	[index=42, position=420, resources=10, parentIndex=21]
Found child for depth:6	[index=43, position=430, resources=10, parentIndex=21]
Found child for depth:6	[index=44, position=440, resources=10, parentIndex=22]
Found child for depth:6	[index=45, position=450, resources=10, parentIndex=22]
Found child for depth:6	[index=46, position=460, resources=10, parentIndex=23]
Found child for depth:6	[index=47, position=470, resources=10, parentIndex=23]
Found child for depth:6	[index=48, position=480, resources=10, parentIndex=24]
Found child for depth:6	[index=49, position=490, resources=10, parentIndex=24]
Found child for depth:6	[index=50, position=500, resources=10, parentIndex=25]
Found child for depth:6	[index=51, position=510, resources=10, parentIndex=25]
Found child for depth:6	[index=52, position=520, resources=10, parentIndex=26]
Found child for depth:6	[index=53, position=530, resources=10, parentIndex=26]
Found child for depth:6	[index=54, position=540, resources=10, parentIndex=27]
Found child for depth:6	[index=55, position=550, resources=10, parentIndex=27]
Found child for depth:6	[index=56, position=560, resources=10, parentIndex=28]
Found child for depth:6	[index=57, position=570, resources=10, parentIndex=28]
Found child for depth:6	[index=58, position=580, resources=10, parentIndex=29]
Found child for depth:6	[index=59, position=590, resources=10, parentIndex=29]
Found child for depth:6	[index=60, position=600, resources=10, parentIndex=30]
Found child for depth:6	[index=61, position=610, resources=10, parentIndex=30]
Found child for depth:6	[index=62, position=620, resources=10, parentIndex=31]
Found child for depth:6	[index=63, position=630, resources=10, parentIndex=31]
Found child for depth:7	[index=64, position=640, resources=10, parentIndex=32]
Found child for depth:7	[index=65, position=650, resources=10, parentIndex=32]
Found child for depth:7	[index=66, position=660, resources=10, parentIndex=33]
Found child for depth:7	[index=67, position=670, resources=10, parentIndex=33]
Found child for depth:7	[index=68, position=680, resources=10, parentIndex=34]
Found child for depth:7	[index=69, position=690, resources=10, parentIndex=34]
Found child for depth:7	[index=70, position=700, resources=10, parentIndex=35]
Found child for depth:7	[index=71, position=710, resources=10, parentIndex=35]
Found child for depth:7	[index=72, position=720, resources=10, parentIndex=36]
Found child for depth:7	[index=73, position=730, resources=10, parentIndex=36]
Found child for depth:7	[index=74, position=740, resources=10, parentIndex=37]
Found child for depth:7	[index=75, position=750, resources=10, parentIndex=37]
Found child for depth:7	[index=76, position=760, resources=10, parentIndex=38]
Found child for depth:7	[index=77, position=770, resources=10, parentIndex=38]
Found child for depth:7	[index=78, position=780, resources=10, parentIndex=39]
Found child for depth:7	[index=79, position=790, resources=10, parentIndex=39]
Found child for depth:7	[index=80, position=800, resources=10, parentIndex=40]
Found child for depth:7	[index=81, position=810, resources=10, parentIndex=40]
Found child for depth:7	[index=82, position=820, resources=10, parentIndex=41]
Found child for depth:7	[index=83, position=830, resources=10, parentIndex=41]
Found child for depth:7	[index=84, position=840, resources=10, parentIndex=42]
Found child for depth:7	[index=85, position=850, resources=10, parentIndex=42]
Found child for depth:7	[index=86, position=860, resources=10, parentIndex=43]
Found child for depth:7	[index=87, position=870, resources=10, parentIndex=43]
Found child for depth:7	[index=88, position=880, resources=10, parentIndex=44]
Found child for depth:7	[index=89, position=890, resources=10, parentIndex=44]
Found child for depth:7	[index=90, position=900, resources=10, parentIndex=45]
Found child for depth:7	[index=91, position=910, resources=10, parentIndex=45]
Found child for depth:7	[index=92, position=920, resources=10, parentIndex=46]
Found child for depth:7	[index=93, position=930, resources=10, parentIndex=46]
Found child for depth:7	[index=94, position=940, resources=10, parentIndex=47]
Found child for depth:7	[index=95, position=950, resources=10, parentIndex=47]
Found child for depth:7	[index=96, position=960, resources=10, parentIndex=48]
Found child for depth:7	[index=97, position=970, resources=10, parentIndex=48]
Found child for depth:7	[index=98, position=980, resources=10, parentIndex=49]
Found child for depth:7	[index=99, position=990, resources=10, parentIndex=49]
Found child for depth:7	[index=100, position=1000, resources=10, parentIndex=50]
found child nodes
Found minable asteroids 	true
Finding target for fighters
Assigned fighter1 to asteroid1
Assigned fighter2 to asteroid1
Assigned fighter3 to asteroid1
Assigned fighter4 to asteroid1
Assigned fighter5 to asteroid1
Assigned fighter6 to asteroid1
Assigned fighter7 to asteroid1
Assigned fighter8 to asteroid1
Assigned fighter9 to asteroid1
Assigned fighter10 to asteroid1
Assigned fighter11 to asteroid1
Assigned fighter12 to asteroid1
Assigned fighter13 to asteroid1
Assigned fighter14 to asteroid1
Assigned fighter15 to asteroid1
Assigned fighter16 to asteroid1
Assigned fighter17 to asteroid1
Assigned fighter18 to asteroid1
Assigned fighter19 to asteroid1
Assigned fighter20 to asteroid1
Assigned fighter21 to asteroid1
Assigned fighter22 to asteroid1
Assigned fighter23 to asteroid1
Assigned fighter24 to asteroid1
Assigned fighter25 to asteroid1
Assigned fighter26 to asteroid1
Assigned fighter27 to asteroid1
Assigned fighter28 to asteroid1
Assigned fighter29 to asteroid1
Assigned fighter30 to asteroid1
Assigned fighter31 to asteroid1
Assigned fighter32 to asteroid1
Assigned fighter33 to asteroid1
Assigned fighter34 to asteroid1
Assigned fighter35 to asteroid1
Assigned fighter36 to asteroid1
Assigned fighter37 to asteroid1
Assigned fighter38 to asteroid1
Assigned fighter39 to asteroid1
Assigned fighter40 to asteroid1
Assigned fighter41 to asteroid1
Assigned fighter42 to asteroid1
Assigned fighter43 to asteroid1
Assigned fighter44 to asteroid1
Assigned fighter45 to asteroid1
Assigned fighter46 to asteroid1
Assigned fighter47 to asteroid1
Assigned fighter48 to asteroid1
Assigned fighter49 to asteroid1
Assigned fighter50 to asteroid1
Assigned fighter51 to asteroid1
Assigned fighter52 to asteroid1
Assigned fighter53 to asteroid1
Assigned fighter54 to asteroid1
Assigned fighter55 to asteroid1
Assigned fighter56 to asteroid1
Assigned fighter57 to asteroid1
Assigned fighter58 to asteroid1
Assigned fighter59 to asteroid1
Assigned fighter60 to asteroid1
Assigned fighter61 to asteroid1
Assigned fighter62 to asteroid1
Assigned fighter63 to asteroid1
Assigned fighter64 to asteroid1
Assigned fighter65 to asteroid1
Assigned fighter66 to asteroid1
Assigned fighter67 to asteroid1
Assigned fighter68 to asteroid1
Assigned fighter69 to asteroid1
Assigned fighter70 to asteroid1
Assigned fighter71 to asteroid1
Assigned fighter72 to asteroid1
Assigned fighter73 to asteroid1
Assigned fighter74 to asteroid1
Assigned fighter75 to asteroid1
Assigned fighter76 to asteroid1
Assigned fighter77 to asteroid1
Assigned fighter78 to asteroid1
Assigned fighter79 to asteroid1
Assigned fighter80 to asteroid1
Assigned fighter81 to asteroid1
Assigned fighter82 to asteroid1
Assigned fighter83 to asteroid1
End finding targets
Debug mode: unasigning fighters
Debug mode: unasigned fighters
Finding target for fighters
Looking for asteroid1 in tree
Found asteroid1
Looking for asteroid2 in tree
Was looking for asteroid2 but found asteroid1
